c:\users\rivershen\onedrive\desktop\kernel_training\wfp\mydriver1\x64\debug\vc143.pdb
c:\users\rivershen\onedrive\desktop\kernel_training\wfp\mydriver1\x64\debug\spinlock.obj
c:\users\rivershen\onedrive\desktop\kernel_training\wfp\mydriver1\x64\debug\pch.obj
c:\users\rivershen\onedrive\desktop\kernel_training\wfp\mydriver1\x64\debug\memory.obj
c:\users\rivershen\onedrive\desktop\kernel_training\wfp\mydriver1\x64\debug\main.obj
c:\users\rivershen\onedrive\desktop\kernel_training\wfp\mydriver1\x64\debug\globals.obj
c:\users\rivershen\onedrive\desktop\kernel_training\wfp\mydriver1\x64\debug\mydriver1.sys
c:\users\rivershen\onedrive\desktop\kernel_training\wfp\mydriver1\x64\debug\mydriver1.pdb
c:\users\rivershen\onedrive\desktop\kernel_training\wfp\mydriver1\x64\debug\mydriver1.cer
c:\users\rivershen\onedrive\desktop\kernel_training\wfp\mydriver1\x64\debug\blockprocess.pdb
c:\users\rivershen\onedrive\desktop\kernel_training\wfp\mydriver1\x64\debug\mydriver1.tlog\cl.command.1.tlog
c:\users\rivershen\onedrive\desktop\kernel_training\wfp\mydriver1\x64\debug\mydriver1.tlog\cl.items.tlog
c:\users\rivershen\onedrive\desktop\kernel_training\wfp\mydriver1\x64\debug\mydriver1.tlog\cl.read.1.tlog
c:\users\rivershen\onedrive\desktop\kernel_training\wfp\mydriver1\x64\debug\mydriver1.tlog\cl.write.1.tlog
c:\users\rivershen\onedrive\desktop\kernel_training\wfp\mydriver1\x64\debug\mydriver1.tlog\link.command.1.tlog
c:\users\rivershen\onedrive\desktop\kernel_training\wfp\mydriver1\x64\debug\mydriver1.tlog\link.read.1.tlog
c:\users\rivershen\onedrive\desktop\kernel_training\wfp\mydriver1\x64\debug\mydriver1.tlog\link.secondary.1.tlog
c:\users\rivershen\onedrive\desktop\kernel_training\wfp\mydriver1\x64\debug\mydriver1.tlog\link.write.1.tlog
c:\users\rivershen\onedrive\desktop\kernel_training\wfp\mydriver1\x64\debug\mydriver1.tlog\signtool.command.1.tlog
c:\users\rivershen\onedrive\desktop\kernel_training\wfp\mydriver1\x64\debug\mydriver1.tlog\signtool.read.1.tlog
c:\users\rivershen\onedrive\desktop\kernel_training\wfp\mydriver1\x64\debug\mydriver1.tlog\signtool.timestamp.1.tlog
c:\users\rivershen\onedrive\desktop\kernel_training\wfp\mydriver1\x64\debug\mydriver1.tlog\signtool.write.1.tlog
