  BlockProcess.cpp
C:\Users\Rivershen\OneDrive\Desktop\Kernel_Training\windowskernelprogrammingbook2e\Chapter13\BlockProcess\BlockProcess.cpp(230,10): warning C4477: 'printf' : format string '%s' requires an argument of type 'char *', but variadic argument 2 has type 'const _Elem *'
C:\Users\Rivershen\OneDrive\Desktop\Kernel_Training\windowskernelprogrammingbook2e\Chapter13\BlockProcess\BlockProcess.cpp(230,10): warning C4477:         with
C:\Users\Rivershen\OneDrive\Desktop\Kernel_Training\windowskernelprogrammingbook2e\Chapter13\BlockProcess\BlockProcess.cpp(230,10): warning C4477:         [
C:\Users\Rivershen\OneDrive\Desktop\Kernel_Training\windowskernelprogrammingbook2e\Chapter13\BlockProcess\BlockProcess.cpp(230,10): warning C4477:             _Elem=wchar_t
C:\Users\Rivershen\OneDrive\Desktop\Kernel_Training\windowskernelprogrammingbook2e\Chapter13\BlockProcess\BlockProcess.cpp(230,10): warning C4477:         ]
  (compiling source file '/BlockProcess.cpp')
      C:\Users\Rivershen\OneDrive\Desktop\Kernel_Training\windowskernelprogrammingbook2e\Chapter13\BlockProcess\BlockProcess.cpp(230,10):
      consider using '%ls' in the format string
      C:\Users\Rivershen\OneDrive\Desktop\Kernel_Training\windowskernelprogrammingbook2e\Chapter13\BlockProcess\BlockProcess.cpp(230,10):
      consider using '%lls' in the format string
      C:\Users\Rivershen\OneDrive\Desktop\Kernel_Training\windowskernelprogrammingbook2e\Chapter13\BlockProcess\BlockProcess.cpp(230,10):
      consider using '%Ls' in the format string
      C:\Users\Rivershen\OneDrive\Desktop\Kernel_Training\windowskernelprogrammingbook2e\Chapter13\BlockProcess\BlockProcess.cpp(230,10):
      consider using '%ws' in the format string
  
  Generating code
  78 of 81 functions (96.3%) were compiled, the rest were copied from previous compilation.
    74 functions were new in current compilation
    0 functions had inline decision re-evaluated but remain unchanged
  Finished generating code
  BlockProcess.vcxproj -> C:\Users\Rivershen\OneDrive\Desktop\Kernel_Training\windowskernelprogrammingbook2e\Chapter13\x64\Release\BlockProcess.exe
