c:\users\rivershen\onedrive\desktop\kernel_training\windowskernelprogrammingbook2e\chapter12\kbackup2\x64\debug\kbackup.pch
c:\users\rivershen\onedrive\desktop\kernel_training\windowskernelprogrammingbook2e\chapter12\kbackup2\x64\debug\vc143.pdb
c:\users\rivershen\onedrive\desktop\kernel_training\windowskernelprogrammingbook2e\chapter12\kbackup2\x64\debug\pch.obj
c:\users\rivershen\onedrive\desktop\kernel_training\windowskernelprogrammingbook2e\chapter12\kbackup2\x64\debug\minifilter.obj
c:\users\rivershen\onedrive\desktop\kernel_training\windowskernelprogrammingbook2e\chapter12\kbackup2\x64\debug\driver.obj
c:\users\rivershen\onedrive\desktop\kernel_training\windowskernelprogrammingbook2e\chapter12\x64\debug\kbackup.sys
c:\users\rivershen\onedrive\desktop\kernel_training\windowskernelprogrammingbook2e\chapter12\x64\debug\kbackup.pdb
c:\users\rivershen\onedrive\desktop\kernel_training\windowskernelprogrammingbook2e\chapter12\x64\debug\kbackup.cer
c:\users\rivershen\onedrive\desktop\kernel_training\windowskernelprogrammingbook2e\chapter12\kbackup2\x64\debug\kbackup2.tlog\cl.command.1.tlog
c:\users\rivershen\onedrive\desktop\kernel_training\windowskernelprogrammingbook2e\chapter12\kbackup2\x64\debug\kbackup2.tlog\cl.items.tlog
c:\users\rivershen\onedrive\desktop\kernel_training\windowskernelprogrammingbook2e\chapter12\kbackup2\x64\debug\kbackup2.tlog\cl.read.1.tlog
c:\users\rivershen\onedrive\desktop\kernel_training\windowskernelprogrammingbook2e\chapter12\kbackup2\x64\debug\kbackup2.tlog\cl.write.1.tlog
c:\users\rivershen\onedrive\desktop\kernel_training\windowskernelprogrammingbook2e\chapter12\kbackup2\x64\debug\kbackup2.tlog\link.command.1.tlog
c:\users\rivershen\onedrive\desktop\kernel_training\windowskernelprogrammingbook2e\chapter12\kbackup2\x64\debug\kbackup2.tlog\link.read.1.tlog
c:\users\rivershen\onedrive\desktop\kernel_training\windowskernelprogrammingbook2e\chapter12\kbackup2\x64\debug\kbackup2.tlog\link.secondary.1.tlog
c:\users\rivershen\onedrive\desktop\kernel_training\windowskernelprogrammingbook2e\chapter12\kbackup2\x64\debug\kbackup2.tlog\link.write.1.tlog
c:\users\rivershen\onedrive\desktop\kernel_training\windowskernelprogrammingbook2e\chapter12\kbackup2\x64\debug\kbackup2.tlog\signtool.command.1.tlog
c:\users\rivershen\onedrive\desktop\kernel_training\windowskernelprogrammingbook2e\chapter12\kbackup2\x64\debug\kbackup2.tlog\signtool.read.1.tlog
c:\users\rivershen\onedrive\desktop\kernel_training\windowskernelprogrammingbook2e\chapter12\kbackup2\x64\debug\kbackup2.tlog\signtool.timestamp.1.tlog
c:\users\rivershen\onedrive\desktop\kernel_training\windowskernelprogrammingbook2e\chapter12\kbackup2\x64\debug\kbackup2.tlog\signtool.write.1.tlog
